\BOOKMARK [0][-]{chapter.1}{\376\377\000A\000l\000g\000o\000r\000y\000t\000m\000y\000\040\000s\000o\000r\000t\000o\000w\000a\000n\000i\000a}{}
\BOOKMARK [0][-]{chapter.2}{\376\377\000I\000n\000d\000e\000k\000s\000\040\000k\000l\000a\000s}{}
\BOOKMARK [1][-]{section.2.1}{\376\377\000L\000i\000s\000t\000a\000\040\000k\000l\000a\000s}{chapter.2}
\BOOKMARK [0][-]{chapter.3}{\376\377\000D\000o\000k\000u\000m\000e\000n\000t\000a\000c\000j\000a\000\040\000k\000l\000a\000s}{}
\BOOKMARK [1][-]{section.3.1}{\376\377\000D\000o\000k\000u\000m\000e\000n\000t\000a\000c\000j\000a\000\040\000k\000l\000a\000s\000y\000\040\000B\000e\000n\000c\000h\000m\000a\000r\000k}{chapter.3}
\BOOKMARK [2][-]{subsection.3.1.1}{\376\377\000O\000p\000i\000s\000\040\000s\000z\000c\000z\000e\000g\000\363\001\102\000o\000w\000y}{section.3.1}
\BOOKMARK [2][-]{subsection.3.1.2}{\376\377\000D\000o\000k\000u\000m\000e\000n\000t\000a\000c\000j\000a\000\040\000k\000o\000n\000s\000t\000r\000u\000k\000t\000o\000r\000a\000\040\000i\000\040\000d\000e\000s\000t\000r\000u\000k\000t\000o\000r\000a}{section.3.1}
\BOOKMARK [3][-]{subsubsection.3.1.2.1}{\376\377\000B\000e\000n\000c\000h\000m\000a\000r\000k}{subsection.3.1.2}
\BOOKMARK [2][-]{subsection.3.1.3}{\376\377\000D\000o\000k\000u\000m\000e\000n\000t\000a\000c\000j\000a\000\040\000f\000u\000n\000k\000c\000j\000i\000\040\000s\000k\001\102\000a\000d\000o\000w\000y\000c\000h}{section.3.1}
\BOOKMARK [3][-]{subsubsection.3.1.3.1}{\376\377\000C\000z\000a\000s\000\137\000O\000p\000e\000r\000a\000c\000j\000i}{subsection.3.1.3}
\BOOKMARK [3][-]{subsubsection.3.1.3.2}{\376\377\000S\000t\000a\000r\000t}{subsection.3.1.3}
\BOOKMARK [3][-]{subsubsection.3.1.3.3}{\376\377\000S\000t\000o\000p}{subsection.3.1.3}
\BOOKMARK [3][-]{subsubsection.3.1.3.4}{\376\377\000W\000y\000k\000o\000n\000a\000j\000\137\000S\000o\000r\000t\000o\000w\000a\000n\000i\000e}{subsection.3.1.3}
\BOOKMARK [2][-]{subsection.3.1.4}{\376\377\000D\000o\000k\000u\000m\000e\000n\000t\000a\000c\000j\000a\000\040\000a\000t\000r\000y\000b\000u\000t\000\363\000w\000\040\000s\000k\001\102\000a\000d\000o\000w\000y\000c\000h}{section.3.1}
\BOOKMARK [3][-]{subsubsection.3.1.4.1}{\376\377\000c\000z\000a\000s\0001}{subsection.3.1.4}
\BOOKMARK [3][-]{subsubsection.3.1.4.2}{\376\377\000c\000z\000a\000s\0002}{subsection.3.1.4}
\BOOKMARK [3][-]{subsubsection.3.1.4.3}{\376\377\000C\000z\000a\000s\000O\000p\000e\000r\000a\000c\000j\000i}{subsection.3.1.4}
\BOOKMARK [1][-]{section.3.2}{\376\377\000D\000o\000k\000u\000m\000e\000n\000t\000a\000c\000j\000a\000\040\000k\000l\000a\000s\000y\000\040\000K\000o\000l\000e\000j\000k\000a}{chapter.3}
\BOOKMARK [2][-]{subsection.3.2.1}{\376\377\000O\000p\000i\000s\000\040\000s\000z\000c\000z\000e\000g\000\363\001\102\000o\000w\000y}{section.3.2}
\BOOKMARK [2][-]{subsection.3.2.2}{\376\377\000D\000o\000k\000u\000m\000e\000n\000t\000a\000c\000j\000a\000\040\000k\000o\000n\000s\000t\000r\000u\000k\000t\000o\000r\000a\000\040\000i\000\040\000d\000e\000s\000t\000r\000u\000k\000t\000o\000r\000a}{section.3.2}
\BOOKMARK [3][-]{subsubsection.3.2.2.1}{\376\377\000K\000o\000l\000e\000j\000k\000a}{subsection.3.2.2}
\BOOKMARK [3][-]{subsubsection.3.2.2.2}{\376\377\000K\000o\000l\000e\000j\000k\000a}{subsection.3.2.2}
\BOOKMARK [2][-]{subsection.3.2.3}{\376\377\000D\000o\000k\000u\000m\000e\000n\000t\000a\000c\000j\000a\000\040\000f\000u\000n\000k\000c\000j\000i\000\040\000s\000k\001\102\000a\000d\000o\000w\000y\000c\000h}{section.3.2}
\BOOKMARK [3][-]{subsubsection.3.2.3.1}{\376\377\000B\000u\000d\000u\000j\000\137\000K\000o\000p\000i\000e\000c}{subsection.3.2.3}
\BOOKMARK [3][-]{subsubsection.3.2.3.2}{\376\377\000i\000s\000E\000m\000p\000t\000y}{subsection.3.2.3}
\BOOKMARK [3][-]{subsubsection.3.2.3.3}{\376\377\000M\000e\000n\000u}{subsection.3.2.3}
\BOOKMARK [3][-]{subsubsection.3.2.3.4}{\376\377\000P\000a\000r\000t\000i\000t\000i\000o\000n}{subsection.3.2.3}
\BOOKMARK [3][-]{subsubsection.3.2.3.5}{\376\377\000p\000o\000p}{subsection.3.2.3}
\BOOKMARK [3][-]{subsubsection.3.2.3.6}{\376\377\000p\000u\000s\000h}{subsection.3.2.3}
\BOOKMARK [3][-]{subsubsection.3.2.3.7}{\376\377\000Q\000u\000i\000c\000k\000\137\000S\000o\000r\000t}{subsection.3.2.3}
\BOOKMARK [3][-]{subsubsection.3.2.3.8}{\376\377\000R\000o\000z\000b\000i\000e\000r\000z\000\137\000K\000o\000p\000i\000e\000c}{subsection.3.2.3}
\BOOKMARK [3][-]{subsubsection.3.2.3.9}{\376\377\000S\000o\000r\000t\000\137\000M\000e\000r\000g\000e}{subsection.3.2.3}
\BOOKMARK [3][-]{subsubsection.3.2.3.10}{\376\377\000W\000c\000z\000y\000t\000a\000j\000\137\000D\000a\000n\000e}{subsection.3.2.3}
\BOOKMARK [3][-]{subsubsection.3.2.3.11}{\376\377\000W\000y\000k\000o\000n\000a\000j\000\137\000H\000e\000a\000p\000\137\000S\000o\000r\000t}{subsection.3.2.3}
\BOOKMARK [3][-]{subsubsection.3.2.3.12}{\376\377\000W\000y\000s\000w\000i\000e\000t\000l\000\137\000D\000a\000n\000e}{subsection.3.2.3}
\BOOKMARK [3][-]{subsubsection.3.2.3.13}{\376\377\000W\000y\000s\000w\000i\000e\000t\000l\000\137\000D\000a\000n\000e\000\137\000H\000e\000a\000p\000\137\000S\000o\000r\000t}{subsection.3.2.3}
\BOOKMARK [3][-]{subsubsection.3.2.3.14}{\376\377\000W\000y\000s\000w\000i\000e\000t\000l\000\137\000D\000a\000n\000e\000\137\000Q\000u\000i\000c\000k\000\137\000S\000o\000r\000t}{subsection.3.2.3}
\BOOKMARK [3][-]{subsubsection.3.2.3.15}{\376\377\000W\000y\000s\000w\000i\000e\000t\000l\000\137\000D\000a\000n\000e\000\137\000S\000o\000r\000t\000\137\000M\000e\000r\000g\000e}{subsection.3.2.3}
\BOOKMARK [2][-]{subsection.3.2.4}{\376\377\000D\000o\000k\000u\000m\000e\000n\000t\000a\000c\000j\000a\000\040\000a\000t\000r\000y\000b\000u\000t\000\363\000w\000\040\000s\000k\001\102\000a\000d\000o\000w\000y\000c\000h}{section.3.2}
\BOOKMARK [3][-]{subsubsection.3.2.4.1}{\376\377\000j}{subsection.3.2.4}
\BOOKMARK [3][-]{subsubsection.3.2.4.2}{\376\377\000k}{subsection.3.2.4}
\BOOKMARK [3][-]{subsubsection.3.2.4.3}{\376\377\000l\000i\000c\000z\000\137\000e\000l\000e\000m}{subsection.3.2.4}
\BOOKMARK [3][-]{subsubsection.3.2.4.4}{\376\377\000r\000o\000z\000m\000i\000a\000r\000\137\000t\000a\000b}{subsection.3.2.4}
\BOOKMARK [3][-]{subsubsection.3.2.4.5}{\376\377\000T\000a\000b}{subsection.3.2.4}
\BOOKMARK [3][-]{subsubsection.3.2.4.6}{\376\377\000T\000a\000b\000\137\000t\000e\000m\000p}{subsection.3.2.4}
\BOOKMARK [3][-]{subsubsection.3.2.4.7}{\376\377\000w\000s\000k\000\137\000p\000o\000c\000z}{subsection.3.2.4}
